1 10 20
100 200 125
201 210 89
900 1000 174
50 250 128
10 1 20
500 520 124
430 320 144
600 640 132
1000 1050 156
6 25 24
49 400 144
400 450 134
125 175 125
175 180 81
299 203 128
800 802 60
1 20 21
65 75 116
85 75 111
42 63 113
101 130 122
15 18 21
19 23 21
30 45 110
13 120 119
4 18 21
2 6 9
6 8 17
75 89 111
34 90 116
90 150 122
150 201 125
233 245 128
32 23 112
12 201 125
55 66 113
77 88 111
99 111 114
134 140 91
141 151 117
160 200 125
992 999 112
999 900 174
45 53 105
77 84 111
56 70 108
1 6 9
6 45 112
78 89 111
13 87 116
98 363 144
56 78 116
90 99 119
78 54 116
789 800 122
801 989 179
54 93 116
300 400 144
500 600 137
700 800 171
750 850 153
850 950 179
350 450 134
550 650 145
33 133 122
67 200 125
654 670 145
555 560 88
111 222 125
333 444 134
34 77 116
11 22 21
33 44 110
55 66 113
77 88 111
99 143 122
123 231 128
44 90 116
15 31 112
3 6 9
14 17 18
93 100 119
933 966 174
92 103 119
70 115 119
45 132 122
150 167 112
430 500 142
132 176 125
56 200 125
45 54 113
67 76 116
89 98 119
101 110 114
61 139 122
155 172 125
173 175 81
89 104 119
140 153 117
1 113 119
142 199 125